#
# There is insufficient memory for the Java Runtime Environment to continue.
# Native memory allocation (malloc) failed to allocate 32744 bytes for ChunkPool::allocate
# Possible reasons:
#   The system is out of physical RAM or swap space
#   The process is running with CompressedOops enabled, and the Java Heap may be blocking the growth of the native heap
# Possible solutions:
#   Reduce memory load on the system
#   Increase physical memory or swap space
#   Check if swap backing store is full
#   Decrease Java heap size (-Xmx/-Xms)
#   Decrease number of Java threads
#   Decrease Java thread stack sizes (-Xss)
#   Set larger code cache with -XX:ReservedCodeCacheSize=
#   JVM is running with Unscaled Compressed Oops mode in which the Java heap is
#     placed in the first 4GB address space. The Java Heap base address is the
#     maximum limit for the native heap growth. Please use -XX:HeapBaseMinAddress
#     to set the Java Heap base and to place the Java Heap above 4GB virtual address.
# This output file may be truncated or incomplete.
#
#  Out of Memory Error (arena.cpp:79), pid=113692, tid=65036
#
# JRE version: OpenJDK Runtime Environment Temurin-17.0.10+7 (17.0.10+7) (build 17.0.10+7)
# Java VM: OpenJDK 64-Bit Server VM Temurin-17.0.10+7 (17.0.10+7, mixed mode, tiered, compressed oops, compressed class ptrs, parallel gc, windows-amd64)
# No core dump will be written. Minidumps are not enabled by default on client versions of Windows
#

---------------  S U M M A R Y ------------

Command Line: --add-modules=ALL-SYSTEM --add-opens=java.base/java.util=ALL-UNNAMED --add-opens=java.base/java.lang=ALL-UNNAMED --add-opens=java.base/sun.nio.fs=ALL-UNNAMED -Declipse.application=org.eclipse.jdt.ls.core.id1 -Dosgi.bundles.defaultStartLevel=4 -Declipse.product=org.eclipse.jdt.ls.core.product -Djava.import.generatesMetadataFilesAtProjectRoot=false -DDetectVMInstallationsJob.disabled=true -Dfile.encoding=utf8 -XX:+UseParallelGC -XX:GCTimeRatio=4 -XX:AdaptiveSizePolicyWeight=90 -Dsun.zip.disableMemoryMapping=true -Xmx1G -Xms100m -Xlog:disable -javaagent:c:\Users\Aron\.vscode\extensions\redhat.java-1.30.0-win32-x64\lombok\lombok-1.18.32.jar -XX:+HeapDumpOnOutOfMemoryError -XX:HeapDumpPath=c:\Users\Aron\AppData\Roaming\Code\User\workspaceStorage\dc6618b406426b0bd938ac24d6181f6a\redhat.java -Daether.dependencyCollector.impl=bf c:\Users\Aron\.vscode\extensions\redhat.java-1.30.0-win32-x64\server\plugins\org.eclipse.equinox.launcher_1.6.800.v20240330-1250.jar -configuration c:\Users\Aron\AppData\Roaming\Code\User\globalStorage\redhat.java\1.30.0\config_win -data c:\Users\Aron\AppData\Roaming\Code\User\workspaceStorage\dc6618b406426b0bd938ac24d6181f6a\redhat.java\jdt_ws --pipe=\\.\pipe\lsp-b8e80b115e68b11596ed8f55ce726d94-sock

Host: AMD Ryzen 7 4800HS with Radeon Graphics         , 16 cores, 15G,  Windows 11 , 64 bit Build 22621 (10.0.22621.3374)
Time: Fri May 24 23:33:50 2024  Windows 11 , 64 bit Build 22621 (10.0.22621.3374) elapsed time: 31.337875 seconds (0d 0h 0m 31s)

---------------  T H R E A D  ---------------

Current thread (0x000002c430485000):  JavaThread "C1 CompilerThread0" daemon [_thread_in_native, id=65036, stack(0x000000c696a00000,0x000000c696b00000)]


Current CompileTask:
C1:  31338 8075       3       org.eclipse.osgi.framework.util.FilePath::computeSegmentCount (90 bytes)

Stack: [0x000000c696a00000,0x000000c696b00000]
Native frames: (J=compiled Java code, j=interpreted, Vv=VM code, C=native code)
V  [jvm.dll+0x67d2c9]
V  [jvm.dll+0x834afa]
V  [jvm.dll+0x8365be]
V  [jvm.dll+0x836c23]
V  [jvm.dll+0x2477ff]
V  [jvm.dll+0xac711]
V  [jvm.dll+0xacb5c]
V  [jvm.dll+0x14f176]
V  [jvm.dll+0x16b201]
V  [jvm.dll+0x1651d2]
V  [jvm.dll+0x15f60e]
V  [jvm.dll+0x14d7b0]
V  [jvm.dll+0x1362e7]
V  [jvm.dll+0x135c7f]
V  [jvm.dll+0x135eb6]
V  [jvm.dll+0x13534a]
V  [jvm.dll+0x137001]
V  [jvm.dll+0x2290de]
V  [jvm.dll+0x2272ac]
V  [jvm.dll+0x7e9bb7]
V  [jvm.dll+0x7e3fba]
V  [jvm.dll+0x67c1b5]
C  [ucrtbase.dll+0x29333]
C  [KERNEL32.DLL+0x1257d]
C  [ntdll.dll+0x5aa48]


---------------  P R O C E S S  ---------------

Threads class SMR info:
_java_thread_list=0x000002c43679ce00, length=54, elements={
0x000002c4174721c0, 0x000002c42b2e04f0, 0x000002c42b2e2230, 0x000002c430464010,
0x000002c430464da0, 0x000002c42b2ea280, 0x000002c430480af0, 0x000002c430483ea0,
0x000002c430485000, 0x000002c43048e880, 0x000002c43050b440, 0x000002c4324d3b20,
0x000002c432fcb570, 0x000002c4330e4af0, 0x000002c432e77760, 0x000002c432eaf030,
0x000002c433525000, 0x000002c433346ec0, 0x000002c433345570, 0x000002c4333473d0,
0x000002c433347df0, 0x000002c433345f90, 0x000002c433348810, 0x000002c4333464a0,
0x000002c4333469b0, 0x000002c435740020, 0x000002c435742390, 0x000002c43573c360,
0x000002c435740a40, 0x000002c435741e80, 0x000002c4357432c0, 0x000002c4357428a0,
0x000002c43573ebe0, 0x000002c43573d7a0, 0x000002c435742db0, 0x000002c43573dcb0,
0x000002c43573e1c0, 0x000002c435743ce0, 0x000002c43573d290, 0x000002c43573e6d0,
0x000002c435740530, 0x000002c43573f0f0, 0x000002c4357437d0, 0x000002c43573c870,
0x000002c435741970, 0x000002c435741460, 0x000002c43687dfd0, 0x000002c43687e4e0,
0x000002c43687d5b0, 0x000002c43687f920, 0x000002c43687b750, 0x000002c43687ef00,
0x000002c4368793e0, 0x000002c436880850
}

Java Threads: ( => current thread )
  0x000002c4174721c0 JavaThread "main" [_thread_blocked, id=37136, stack(0x000000c696000000,0x000000c696100000)]
  0x000002c42b2e04f0 JavaThread "Reference Handler" daemon [_thread_blocked, id=127424, stack(0x000000c696300000,0x000000c696400000)]
  0x000002c42b2e2230 JavaThread "Finalizer" daemon [_thread_blocked, id=61176, stack(0x000000c696400000,0x000000c696500000)]
  0x000002c430464010 JavaThread "Signal Dispatcher" daemon [_thread_blocked, id=99804, stack(0x000000c696500000,0x000000c696600000)]
  0x000002c430464da0 JavaThread "Attach Listener" daemon [_thread_blocked, id=106248, stack(0x000000c696600000,0x000000c696700000)]
  0x000002c42b2ea280 JavaThread "Service Thread" daemon [_thread_blocked, id=110440, stack(0x000000c696700000,0x000000c696800000)]
  0x000002c430480af0 JavaThread "Monitor Deflation Thread" daemon [_thread_blocked, id=127164, stack(0x000000c696800000,0x000000c696900000)]
  0x000002c430483ea0 JavaThread "C2 CompilerThread0" daemon [_thread_in_native, id=28648, stack(0x000000c696900000,0x000000c696a00000)]
=>0x000002c430485000 JavaThread "C1 CompilerThread0" daemon [_thread_in_native, id=65036, stack(0x000000c696a00000,0x000000c696b00000)]
  0x000002c43048e880 JavaThread "Sweeper thread" daemon [_thread_blocked, id=126996, stack(0x000000c696b00000,0x000000c696c00000)]
  0x000002c43050b440 JavaThread "Common-Cleaner" daemon [_thread_blocked, id=8700, stack(0x000000c696c00000,0x000000c696d00000)]
  0x000002c4324d3b20 JavaThread "Notification Thread" daemon [_thread_blocked, id=114808, stack(0x000000c697100000,0x000000c697200000)]
  0x000002c432fcb570 JavaThread "Active Thread: Equinox Container: cc5961cf-63d2-44d8-a044-1132c6d0f983" [_thread_in_native, id=127296, stack(0x000000c697800000,0x000000c697900000)]
  0x000002c4330e4af0 JavaThread "Framework Event Dispatcher: Equinox Container: cc5961cf-63d2-44d8-a044-1132c6d0f983" daemon [_thread_blocked, id=125532, stack(0x000000c697900000,0x000000c697a00000)]
  0x000002c432e77760 JavaThread "Start Level: Equinox Container: cc5961cf-63d2-44d8-a044-1132c6d0f983" daemon [_thread_blocked, id=127708, stack(0x000000c697a00000,0x000000c697b00000)]
  0x000002c432eaf030 JavaThread "Bundle File Closer" daemon [_thread_blocked, id=69104, stack(0x000000c697d00000,0x000000c697e00000)]
  0x000002c433525000 JavaThread "SCR Component Actor" daemon [_thread_blocked, id=127632, stack(0x000000c697e00000,0x000000c697f00000)]
  0x000002c433346ec0 JavaThread "Worker-JM" [_thread_blocked, id=127160, stack(0x000000c698400000,0x000000c698500000)]
  0x000002c433345570 JavaThread "Worker-0" [_thread_blocked, id=127500, stack(0x000000c698600000,0x000000c698700000)]
  0x000002c4333473d0 JavaThread "Worker-1" [_thread_blocked, id=124060, stack(0x000000c698700000,0x000000c698800000)]
  0x000002c433347df0 JavaThread "Java indexing" daemon [_thread_blocked, id=126088, stack(0x000000c698800000,0x000000c698900000)]
  0x000002c433345f90 JavaThread "JNA Cleaner" daemon [_thread_blocked, id=128016, stack(0x000000c698900000,0x000000c698a00000)]
  0x000002c433348810 JavaThread "Worker-2: Initialize Workspace" [_thread_blocked, id=128020, stack(0x000000c698a00000,0x000000c698b00000)]
  0x000002c4333464a0 JavaThread "Worker-3" [_thread_blocked, id=128024, stack(0x000000c698b00000,0x000000c698c00000)]
  0x000002c4333469b0 JavaThread "Thread-2" daemon [_thread_in_native, id=128028, stack(0x000000c698c00000,0x000000c698d00000)]
  0x000002c435740020 JavaThread "Thread-3" daemon [_thread_in_native, id=128032, stack(0x000000c698d00000,0x000000c698e00000)]
  0x000002c435742390 JavaThread "Thread-4" daemon [_thread_in_native, id=128036, stack(0x000000c698e00000,0x000000c698f00000)]
  0x000002c43573c360 JavaThread "Thread-5" daemon [_thread_in_native, id=128040, stack(0x000000c698f00000,0x000000c699000000)]
  0x000002c435740a40 JavaThread "Thread-6" daemon [_thread_in_native, id=128044, stack(0x000000c699000000,0x000000c699100000)]
  0x000002c435741e80 JavaThread "Thread-7" daemon [_thread_in_native, id=128048, stack(0x000000c699100000,0x000000c699200000)]
  0x000002c4357432c0 JavaThread "Thread-8" daemon [_thread_in_native, id=128052, stack(0x000000c699200000,0x000000c699300000)]
  0x000002c4357428a0 JavaThread "Thread-9" daemon [_thread_in_native, id=128056, stack(0x000000c699300000,0x000000c699400000)]
  0x000002c43573ebe0 JavaThread "Thread-10" daemon [_thread_in_native, id=128060, stack(0x000000c699400000,0x000000c699500000)]
  0x000002c43573d7a0 JavaThread "Thread-11" daemon [_thread_in_native, id=128064, stack(0x000000c699500000,0x000000c699600000)]
  0x000002c435742db0 JavaThread "Thread-12" daemon [_thread_in_native, id=128068, stack(0x000000c699600000,0x000000c699700000)]
  0x000002c43573dcb0 JavaThread "Thread-13" daemon [_thread_in_native, id=128072, stack(0x000000c699700000,0x000000c699800000)]
  0x000002c43573e1c0 JavaThread "Thread-14" daemon [_thread_in_native, id=128076, stack(0x000000c699800000,0x000000c699900000)]
  0x000002c435743ce0 JavaThread "Thread-15" daemon [_thread_in_native, id=128080, stack(0x000000c699900000,0x000000c699a00000)]
  0x000002c43573d290 JavaThread "Thread-16" daemon [_thread_in_native, id=128084, stack(0x000000c699a00000,0x000000c699b00000)]
  0x000002c43573e6d0 JavaThread "Thread-17" daemon [_thread_in_native, id=128088, stack(0x000000c699b00000,0x000000c699c00000)]
  0x000002c435740530 JavaThread "Thread-18" daemon [_thread_in_native, id=128092, stack(0x000000c699c00000,0x000000c699d00000)]
  0x000002c43573f0f0 JavaThread "pool-2-thread-1" [_thread_blocked, id=128096, stack(0x000000c699d00000,0x000000c699e00000)]
  0x000002c4357437d0 JavaThread "WorkspaceEventsHandler" [_thread_blocked, id=128108, stack(0x000000c699e00000,0x000000c699f00000)]
  0x000002c43573c870 JavaThread "pool-1-thread-1" [_thread_blocked, id=128112, stack(0x000000c699f00000,0x000000c69a000000)]
  0x000002c435741970 JavaThread "Timer-0" [_thread_blocked, id=128304, stack(0x000000c69a100000,0x000000c69a200000)]
  0x000002c435741460 JavaThread "Exec process" [_thread_blocked, id=128452, stack(0x000000c69a200000,0x000000c69a300000)]
  0x000002c43687dfd0 JavaThread "Exec process Thread 2" [_thread_blocked, id=128444, stack(0x000000c69a300000,0x000000c69a400000)]
  0x000002c43687e4e0 JavaThread "Exec process Thread 3" [_thread_blocked, id=128172, stack(0x000000c69a400000,0x000000c69a500000)]
  0x000002c43687d5b0 JavaThread "Timer-1" [_thread_blocked, id=128528, stack(0x000000c696f00000,0x000000c697000000)]
  0x000002c43687f920 JavaThread "Connection worker" [_thread_in_native, id=128600, stack(0x000000c697000000,0x000000c697100000)]
  0x000002c43687b750 JavaThread "pool-3-thread-1" [_thread_blocked, id=128712, stack(0x000000c69a500000,0x000000c69a600000)]
  0x000002c43687ef00 JavaThread "Worker-4" [_thread_blocked, id=128156, stack(0x000000c69a700000,0x000000c69a800000)]
  0x000002c4368793e0 JavaThread "Keep-Alive-Timer" daemon [_thread_blocked, id=128476, stack(0x000000c696d00000,0x000000c696e00000)]
  0x000002c436880850 JavaThread "Forward input" [_thread_blocked, id=128616, stack(0x000000c696e00000,0x000000c696f00000)]

Other Threads:
  0x000002c41750ecf0 VMThread "VM Thread" [stack: 0x000000c696200000,0x000000c696300000] [id=127248]
  0x000002c4324d4000 WatcherThread [stack: 0x000000c697200000,0x000000c697300000] [id=127376]
  0x000002c417486cb0 GCTaskThread "GC Thread#0" [stack: 0x000000c696100000,0x000000c696200000] [id=39204]
  0x000002c432e14f50 GCTaskThread "GC Thread#1" [stack: 0x000000c697300000,0x000000c697400000] [id=127852]
  0x000002c4329326d0 GCTaskThread "GC Thread#2" [stack: 0x000000c697400000,0x000000c697500000] [id=127804]
  0x000002c432932990 GCTaskThread "GC Thread#3" [stack: 0x000000c697500000,0x000000c697600000] [id=90716]
  0x000002c432932c50 GCTaskThread "GC Thread#4" [stack: 0x000000c697600000,0x000000c697700000] [id=125252]
  0x000002c4329c0850 GCTaskThread "GC Thread#5" [stack: 0x000000c697700000,0x000000c697800000] [id=127544]
  0x000002c4329c0b10 GCTaskThread "GC Thread#6" [stack: 0x000000c697b00000,0x000000c697c00000] [id=126952]
  0x000002c4329c0dd0 GCTaskThread "GC Thread#7" [stack: 0x000000c697c00000,0x000000c697d00000] [id=127620]
  0x000002c4329c1350 GCTaskThread "GC Thread#8" [stack: 0x000000c697f00000,0x000000c698000000] [id=109328]
  0x000002c4329c1610 GCTaskThread "GC Thread#9" [stack: 0x000000c698000000,0x000000c698100000] [id=116696]
  0x000002c4329c1e50 GCTaskThread "GC Thread#10" [stack: 0x000000c698200000,0x000000c698300000] [id=121348]
  0x000002c433430d60 GCTaskThread "GC Thread#11" [stack: 0x000000c698300000,0x000000c698400000] [id=115440]
  0x000002c43342d920 GCTaskThread "GC Thread#12" [stack: 0x000000c698500000,0x000000c698600000] [id=127032]

Threads with active compile tasks:
C2 CompilerThread0    31406 8077       4       java.io.DataOutputStream::writeUTF (411 bytes)
C1 CompilerThread0    31406 8075       3       org.eclipse.osgi.framework.util.FilePath::computeSegmentCount (90 bytes)

VM state: not at safepoint (normal execution)

VM Mutex/Monitor currently owned by a thread: None

Heap address: 0x00000000c0000000, size: 1024 MB, Compressed Oops mode: 32-bit

CDS archive(s) not mapped
Compressed class space mapped at: 0x0000000100000000-0x0000000140000000, reserved size: 1073741824
Narrow klass base: 0x0000000000000000, Narrow klass shift: 3, Narrow klass range: 0x140000000

GC Precious Log:
 CPUs: 16 total, 16 available
 Memory: 15789M
 Large Page Support: Disabled
 NUMA Support: Disabled
 Compressed Oops: Enabled (32-bit)
 Alignments: Space 512K, Generation 512K, Heap 2M
 Heap Min Capacity: 100M
 Heap Initial Capacity: 100M
 Heap Max Capacity: 1G
 Pre-touch: Disabled
 Parallel Workers: 13

Heap:
 PSYoungGen      total 22528K, used 9908K [0x00000000eab00000, 0x00000000ec680000, 0x0000000100000000)
  eden space 20480K, 40% used [0x00000000eab00000,0x00000000eb308cc8,0x00000000ebf00000)
  from space 2048K, 82% used [0x00000000ec480000,0x00000000ec6245e8,0x00000000ec680000)
  to   space 2048K, 0% used [0x00000000ec280000,0x00000000ec280000,0x00000000ec480000)
 ParOldGen       total 68608K, used 50557K [0x00000000c0000000, 0x00000000c4300000, 0x00000000eab00000)
  object space 68608K, 73% used [0x00000000c0000000,0x00000000c315f6a8,0x00000000c4300000)
 Metaspace       used 67141K, committed 68224K, reserved 1114112K
  class space    used 7786K, committed 8256K, reserved 1048576K

Card table byte_map: [0x000002c416df0000,0x000002c417000000] _byte_map_base: 0x000002c4167f0000

Marking Bits: (ParMarkBitMap*) 0x00007ff9878fd7d0
 Begin Bits: [0x000002c4290f0000, 0x000002c42a0f0000)
 End Bits:   [0x000002c42a0f0000, 0x000002c42b0f0000)

Polling page: 0x000002c4153d0000

Metaspace:

Usage:
  Non-class:     57.96 MB used.
      Class:      7.60 MB used.
       Both:     65.57 MB used.

Virtual space:
  Non-class space:       64.00 MB reserved,      58.56 MB ( 92%) committed,  1 nodes.
      Class space:        1.00 GB reserved,       8.06 MB ( <1%) committed,  1 nodes.
             Both:        1.06 GB reserved,      66.62 MB (  6%) committed. 

Chunk freelists:
   Non-Class:  4.64 MB
       Class:  7.87 MB
        Both:  12.51 MB

MaxMetaspaceSize: unlimited
CompressedClassSpaceSize: 1.00 GB
Initial GC threshold: 21.00 MB
Current GC threshold: 97.31 MB
CDS: off
MetaspaceReclaimPolicy: balanced
 - commit_granule_bytes: 65536.
 - commit_granule_words: 8192.
 - virtual_space_node_default_size: 8388608.
 - enlarge_chunks_in_place: 1.
 - new_chunks_are_fully_committed: 0.
 - uncommit_free_chunks: 1.
 - use_allocation_guard: 0.
 - handle_deallocations: 1.


Internal statistics:

num_allocs_failed_limit: 9.
num_arena_births: 644.
num_arena_deaths: 14.
num_vsnodes_births: 2.
num_vsnodes_deaths: 0.
num_space_committed: 1065.
num_space_uncommitted: 0.
num_chunks_returned_to_freelist: 23.
num_chunks_taken_from_freelist: 3028.
num_chunk_merges: 8.
num_chunk_splits: 1939.
num_chunks_enlarged: 1249.
num_inconsistent_stats: 0.

CodeHeap 'non-profiled nmethods': size=119168Kb used=4447Kb max_used=4447Kb free=114720Kb
 bounds [0x000002c421c90000, 0x000002c4220f0000, 0x000002c4290f0000]
CodeHeap 'profiled nmethods': size=119104Kb used=15029Kb max_used=15029Kb free=104074Kb
 bounds [0x000002c41a0f0000, 0x000002c41afa0000, 0x000002c421540000]
CodeHeap 'non-nmethods': size=7488Kb used=1371Kb max_used=3114Kb free=6117Kb
 bounds [0x000002c421540000, 0x000002c421860000, 0x000002c421c90000]
 total_blobs=7953 nmethods=7243 adapters=623
 compilation: enabled
              stopped_count=0, restarted_count=0
 full_count=0

Compilation events (20 events):
Event: 28.806 Thread 0x000002c430485000 8062       3       java.io.StringWriter::append (10 bytes)
Event: 28.807 Thread 0x000002c430485000 nmethod 8062 0x000002c41af96790 code [0x000002c41af96960, 0x000002c41af96dd8]
Event: 28.807 Thread 0x000002c430485000 8063       3       java.util.HashMap::remove (26 bytes)
Event: 28.807 Thread 0x000002c430485000 nmethod 8063 0x000002c41af96f90 code [0x000002c41af97160, 0x000002c41af974d8]
Event: 28.882 Thread 0x000002c430485000 8064       1       java.io.ClassCache$CacheRef::getStrong (5 bytes)
Event: 28.882 Thread 0x000002c430485000 nmethod 8064 0x000002c4220e7310 code [0x000002c4220e74a0, 0x000002c4220e7578]
Event: 30.286 Thread 0x000002c430485000 8065       3       java.util.concurrent.atomic.AtomicReference::getAndSet (9 bytes)
Event: 30.287 Thread 0x000002c430485000 nmethod 8065 0x000002c41af97610 code [0x000002c41af978c0, 0x000002c41af986f8]
Event: 30.287 Thread 0x000002c430485000 8066       3       java.lang.invoke.VarHandleGuards::guard_LL_L (89 bytes)
Event: 30.289 Thread 0x000002c430485000 nmethod 8066 0x000002c41af98b10 code [0x000002c41af98e80, 0x000002c41af9adc8]
Event: 30.289 Thread 0x000002c430485000 8067       3       java.lang.invoke.VarHandleReferences$FieldInstanceReadWrite::getAndSet (35 bytes)
Event: 30.289 Thread 0x000002c430485000 nmethod 8067 0x000002c41af9b710 code [0x000002c41af9b940, 0x000002c41af9c108]
Event: 31.080 Thread 0x000002c430483ea0 8068       4       java.util.Collections$UnmodifiableCollection::contains (11 bytes)
Event: 31.081 Thread 0x000002c430483ea0 nmethod 8068 0x000002c4220e7610 code [0x000002c4220e77a0, 0x000002c4220e78f8]
Event: 31.331 Thread 0x000002c430483ea0 8069       4       java.util.Arrays$ArrayItr::hasNext (18 bytes)
Event: 31.332 Thread 0x000002c430485000 8070       3       org.eclipse.osgi.storage.BundleInfo$CachedManifest::get (115 bytes)
Event: 31.332 Thread 0x000002c430483ea0 nmethod 8069 0x000002c4220e7a90 code [0x000002c4220e7c00, 0x000002c4220e7c98]
Event: 31.332 Thread 0x000002c430483ea0 8077       4       java.io.DataOutputStream::writeUTF (411 bytes)
Event: 31.333 Thread 0x000002c430485000 nmethod 8070 0x000002c41af9c410 code [0x000002c41af9c720, 0x000002c41af9d748]
Event: 31.333 Thread 0x000002c430485000 8075       3       org.eclipse.osgi.framework.util.FilePath::computeSegmentCount (90 bytes)

GC Heap History (20 events):
Event: 8.927 GC heap before
{Heap before GC invocations=26 (full 2):
 PSYoungGen      total 23040K, used 23008K [0x00000000eab00000, 0x00000000ec500000, 0x0000000100000000)
  eden space 20480K, 100% used [0x00000000eab00000,0x00000000ebf00000,0x00000000ebf00000)
  from space 2560K, 98% used [0x00000000ebf00000,0x00000000ec178010,0x00000000ec180000)
  to   space 3072K, 0% used [0x00000000ec200000,0x00000000ec200000,0x00000000ec500000)
 ParOldGen       total 68608K, used 31837K [0x00000000c0000000, 0x00000000c4300000, 0x00000000eab00000)
  object space 68608K, 46% used [0x00000000c0000000,0x00000000c1f17468,0x00000000c4300000)
 Metaspace       used 57918K, committed 58944K, reserved 1114112K
  class space    used 6304K, committed 6720K, reserved 1048576K
}
Event: 8.929 GC heap after
{Heap after GC invocations=26 (full 2):
 PSYoungGen      total 23040K, used 2264K [0x00000000eab00000, 0x00000000ec480000, 0x0000000100000000)
  eden space 20480K, 0% used [0x00000000eab00000,0x00000000eab00000,0x00000000ebf00000)
  from space 2560K, 88% used [0x00000000ec200000,0x00000000ec436200,0x00000000ec480000)
  to   space 2560K, 0% used [0x00000000ebf00000,0x00000000ebf00000,0x00000000ec180000)
 ParOldGen       total 68608K, used 34205K [0x00000000c0000000, 0x00000000c4300000, 0x00000000eab00000)
  object space 68608K, 49% used [0x00000000c0000000,0x00000000c2167478,0x00000000c4300000)
 Metaspace       used 57918K, committed 58944K, reserved 1114112K
  class space    used 6304K, committed 6720K, reserved 1048576K
}
Event: 9.879 GC heap before
{Heap before GC invocations=27 (full 2):
 PSYoungGen      total 23040K, used 22744K [0x00000000eab00000, 0x00000000ec480000, 0x0000000100000000)
  eden space 20480K, 100% used [0x00000000eab00000,0x00000000ebf00000,0x00000000ebf00000)
  from space 2560K, 88% used [0x00000000ec200000,0x00000000ec436200,0x00000000ec480000)
  to   space 2560K, 0% used [0x00000000ebf00000,0x00000000ebf00000,0x00000000ec180000)
 ParOldGen       total 68608K, used 34205K [0x00000000c0000000, 0x00000000c4300000, 0x00000000eab00000)
  object space 68608K, 49% used [0x00000000c0000000,0x00000000c2167478,0x00000000c4300000)
 Metaspace       used 58398K, committed 59328K, reserved 1114112K
  class space    used 6348K, committed 6720K, reserved 1048576K
}
Event: 9.883 GC heap after
{Heap after GC invocations=27 (full 2):
 PSYoungGen      total 23040K, used 2548K [0x00000000eab00000, 0x00000000eca00000, 0x0000000100000000)
  eden space 20480K, 0% used [0x00000000eab00000,0x00000000eab00000,0x00000000ebf00000)
  from space 2560K, 99% used [0x00000000ebf00000,0x00000000ec17d010,0x00000000ec180000)
  to   space 5632K, 0% used [0x00000000ec480000,0x00000000ec480000,0x00000000eca00000)
 ParOldGen       total 68608K, used 36777K [0x00000000c0000000, 0x00000000c4300000, 0x00000000eab00000)
  object space 68608K, 53% used [0x00000000c0000000,0x00000000c23ea7d0,0x00000000c4300000)
 Metaspace       used 58398K, committed 59328K, reserved 1114112K
  class space    used 6348K, committed 6720K, reserved 1048576K
}
Event: 10.300 GC heap before
{Heap before GC invocations=28 (full 2):
 PSYoungGen      total 23040K, used 11729K [0x00000000eab00000, 0x00000000eca00000, 0x0000000100000000)
  eden space 20480K, 44% used [0x00000000eab00000,0x00000000eb3f77e0,0x00000000ebf00000)
  from space 2560K, 99% used [0x00000000ebf00000,0x00000000ec17d010,0x00000000ec180000)
  to   space 5632K, 0% used [0x00000000ec480000,0x00000000ec480000,0x00000000eca00000)
 ParOldGen       total 68608K, used 36777K [0x00000000c0000000, 0x00000000c4300000, 0x00000000eab00000)
  object space 68608K, 53% used [0x00000000c0000000,0x00000000c23ea7d0,0x00000000c4300000)
 Metaspace       used 58800K, committed 59776K, reserved 1114112K
  class space    used 6423K, committed 6912K, reserved 1048576K
}
Event: 10.302 GC heap after
{Heap after GC invocations=28 (full 2):
 PSYoungGen      total 20992K, used 448K [0x00000000eab00000, 0x00000000ec500000, 0x0000000100000000)
  eden space 20480K, 0% used [0x00000000eab00000,0x00000000eab00000,0x00000000ebf00000)
  from space 512K, 87% used [0x00000000ec480000,0x00000000ec4f0000,0x00000000ec500000)
  to   space 2560K, 0% used [0x00000000ec000000,0x00000000ec000000,0x00000000ec280000)
 ParOldGen       total 68608K, used 39378K [0x00000000c0000000, 0x00000000c4300000, 0x00000000eab00000)
  object space 68608K, 57% used [0x00000000c0000000,0x00000000c26748c0,0x00000000c4300000)
 Metaspace       used 58800K, committed 59776K, reserved 1114112K
  class space    used 6423K, committed 6912K, reserved 1048576K
}
Event: 10.302 GC heap before
{Heap before GC invocations=29 (full 3):
 PSYoungGen      total 20992K, used 448K [0x00000000eab00000, 0x00000000ec500000, 0x0000000100000000)
  eden space 20480K, 0% used [0x00000000eab00000,0x00000000eab00000,0x00000000ebf00000)
  from space 512K, 87% used [0x00000000ec480000,0x00000000ec4f0000,0x00000000ec500000)
  to   space 2560K, 0% used [0x00000000ec000000,0x00000000ec000000,0x00000000ec280000)
 ParOldGen       total 68608K, used 39378K [0x00000000c0000000, 0x00000000c4300000, 0x00000000eab00000)
  object space 68608K, 57% used [0x00000000c0000000,0x00000000c26748c0,0x00000000c4300000)
 Metaspace       used 58800K, committed 59776K, reserved 1114112K
  class space    used 6423K, committed 6912K, reserved 1048576K
}
Event: 10.350 GC heap after
{Heap after GC invocations=29 (full 3):
 PSYoungGen      total 20992K, used 0K [0x00000000eab00000, 0x00000000ec500000, 0x0000000100000000)
  eden space 20480K, 0% used [0x00000000eab00000,0x00000000eab00000,0x00000000ebf00000)
  from space 512K, 0% used [0x00000000ec480000,0x00000000ec480000,0x00000000ec500000)
  to   space 2560K, 0% used [0x00000000ec000000,0x00000000ec000000,0x00000000ec280000)
 ParOldGen       total 68608K, used 37262K [0x00000000c0000000, 0x00000000c4300000, 0x00000000eab00000)
  object space 68608K, 54% used [0x00000000c0000000,0x00000000c24639d0,0x00000000c4300000)
 Metaspace       used 58800K, committed 59776K, reserved 1114112K
  class space    used 6423K, committed 6912K, reserved 1048576K
}
Event: 10.729 GC heap before
{Heap before GC invocations=30 (full 3):
 PSYoungGen      total 20992K, used 20480K [0x00000000eab00000, 0x00000000ec500000, 0x0000000100000000)
  eden space 20480K, 100% used [0x00000000eab00000,0x00000000ebf00000,0x00000000ebf00000)
  from space 512K, 0% used [0x00000000ec480000,0x00000000ec480000,0x00000000ec500000)
  to   space 2560K, 0% used [0x00000000ec000000,0x00000000ec000000,0x00000000ec280000)
 ParOldGen       total 68608K, used 37262K [0x00000000c0000000, 0x00000000c4300000, 0x00000000eab00000)
  object space 68608K, 54% used [0x00000000c0000000,0x00000000c24639d0,0x00000000c4300000)
 Metaspace       used 60034K, committed 61056K, reserved 1114112K
  class space    used 6631K, committed 7104K, reserved 1048576K
}
Event: 10.731 GC heap after
{Heap after GC invocations=30 (full 3):
 PSYoungGen      total 23040K, used 2549K [0x00000000eab00000, 0x00000000ed100000, 0x0000000100000000)
  eden space 20480K, 0% used [0x00000000eab00000,0x00000000eab00000,0x00000000ebf00000)
  from space 2560K, 99% used [0x00000000ec000000,0x00000000ec27d438,0x00000000ec280000)
  to   space 9216K, 0% used [0x00000000ec800000,0x00000000ec800000,0x00000000ed100000)
 ParOldGen       total 68608K, used 42345K [0x00000000c0000000, 0x00000000c4300000, 0x00000000eab00000)
  object space 68608K, 61% used [0x00000000c0000000,0x00000000c295a4d8,0x00000000c4300000)
 Metaspace       used 60034K, committed 61056K, reserved 1114112K
  class space    used 6631K, committed 7104K, reserved 1048576K
}
Event: 11.254 GC heap before
{Heap before GC invocations=31 (full 3):
 PSYoungGen      total 23040K, used 23029K [0x00000000eab00000, 0x00000000ed100000, 0x0000000100000000)
  eden space 20480K, 100% used [0x00000000eab00000,0x00000000ebf00000,0x00000000ebf00000)
  from space 2560K, 99% used [0x00000000ec000000,0x00000000ec27d438,0x00000000ec280000)
  to   space 9216K, 0% used [0x00000000ec800000,0x00000000ec800000,0x00000000ed100000)
 ParOldGen       total 68608K, used 42345K [0x00000000c0000000, 0x00000000c4300000, 0x00000000eab00000)
  object space 68608K, 61% used [0x00000000c0000000,0x00000000c295a4d8,0x00000000c4300000)
 Metaspace       used 61648K, committed 62720K, reserved 1114112K
  class space    used 6907K, committed 7360K, reserved 1048576K
}
Event: 11.255 GC heap after
{Heap after GC invocations=31 (full 3):
 PSYoungGen      total 21504K, used 800K [0x00000000eab00000, 0x00000000ec900000, 0x0000000100000000)
  eden space 20480K, 0% used [0x00000000eab00000,0x00000000eab00000,0x00000000ebf00000)
  from space 1024K, 78% used [0x00000000ec800000,0x00000000ec8c8000,0x00000000ec900000)
  to   space 3584K, 0% used [0x00000000ec200000,0x00000000ec200000,0x00000000ec580000)
 ParOldGen       total 68608K, used 44848K [0x00000000c0000000, 0x00000000c4300000, 0x00000000eab00000)
  object space 68608K, 65% used [0x00000000c0000000,0x00000000c2bcc270,0x00000000c4300000)
 Metaspace       used 61648K, committed 62720K, reserved 1114112K
  class space    used 6907K, committed 7360K, reserved 1048576K
}
Event: 11.608 GC heap before
{Heap before GC invocations=32 (full 3):
 PSYoungGen      total 21504K, used 21117K [0x00000000eab00000, 0x00000000ec900000, 0x0000000100000000)
  eden space 20480K, 99% used [0x00000000eab00000,0x00000000ebed7540,0x00000000ebf00000)
  from space 1024K, 78% used [0x00000000ec800000,0x00000000ec8c8000,0x00000000ec900000)
  to   space 3584K, 0% used [0x00000000ec200000,0x00000000ec200000,0x00000000ec580000)
 ParOldGen       total 68608K, used 44848K [0x00000000c0000000, 0x00000000c4300000, 0x00000000eab00000)
  object space 68608K, 65% used [0x00000000c0000000,0x00000000c2bcc270,0x00000000c4300000)
 Metaspace       used 61668K, committed 62720K, reserved 1114112K
  class space    used 6907K, committed 7360K, reserved 1048576K
}
Event: 11.610 GC heap after
{Heap after GC invocations=32 (full 3):
 PSYoungGen      total 24064K, used 1400K [0x00000000eab00000, 0x00000000ec880000, 0x0000000100000000)
  eden space 20480K, 0% used [0x00000000eab00000,0x00000000eab00000,0x00000000ebf00000)
  from space 3584K, 39% used [0x00000000ec200000,0x00000000ec35e348,0x00000000ec580000)
  to   space 2048K, 0% used [0x00000000ec680000,0x00000000ec680000,0x00000000ec880000)
 ParOldGen       total 68608K, used 45481K [0x00000000c0000000, 0x00000000c4300000, 0x00000000eab00000)
  object space 68608K, 66% used [0x00000000c0000000,0x00000000c2c6a620,0x00000000c4300000)
 Metaspace       used 61668K, committed 62720K, reserved 1114112K
  class space    used 6907K, committed 7360K, reserved 1048576K
}
Event: 12.015 GC heap before
{Heap before GC invocations=33 (full 3):
 PSYoungGen      total 24064K, used 21880K [0x00000000eab00000, 0x00000000ec880000, 0x0000000100000000)
  eden space 20480K, 100% used [0x00000000eab00000,0x00000000ebf00000,0x00000000ebf00000)
  from space 3584K, 39% used [0x00000000ec200000,0x00000000ec35e348,0x00000000ec580000)
  to   space 2048K, 0% used [0x00000000ec680000,0x00000000ec680000,0x00000000ec880000)
 ParOldGen       total 68608K, used 45481K [0x00000000c0000000, 0x00000000c4300000, 0x00000000eab00000)
  object space 68608K, 66% used [0x00000000c0000000,0x00000000c2c6a620,0x00000000c4300000)
 Metaspace       used 62575K, committed 63616K, reserved 1114112K
  class space    used 7093K, committed 7552K, reserved 1048576K
}
Event: 12.018 GC heap after
{Heap after GC invocations=33 (full 3):
 PSYoungGen      total 22528K, used 2047K [0x00000000eab00000, 0x00000000eca00000, 0x0000000100000000)
  eden space 20480K, 0% used [0x00000000eab00000,0x00000000eab00000,0x00000000ebf00000)
  from space 2048K, 99% used [0x00000000ec680000,0x00000000ec87fc68,0x00000000ec880000)
  to   space 5632K, 0% used [0x00000000ebf00000,0x00000000ebf00000,0x00000000ec480000)
 ParOldGen       total 68608K, used 48086K [0x00000000c0000000, 0x00000000c4300000, 0x00000000eab00000)
  object space 68608K, 70% used [0x00000000c0000000,0x00000000c2ef5920,0x00000000c4300000)
 Metaspace       used 62575K, committed 63616K, reserved 1114112K
  class space    used 7093K, committed 7552K, reserved 1048576K
}
Event: 12.433 GC heap before
{Heap before GC invocations=34 (full 3):
 PSYoungGen      total 22528K, used 22527K [0x00000000eab00000, 0x00000000eca00000, 0x0000000100000000)
  eden space 20480K, 100% used [0x00000000eab00000,0x00000000ebf00000,0x00000000ebf00000)
  from space 2048K, 99% used [0x00000000ec680000,0x00000000ec87fc68,0x00000000ec880000)
  to   space 5632K, 0% used [0x00000000ebf00000,0x00000000ebf00000,0x00000000ec480000)
 ParOldGen       total 68608K, used 48086K [0x00000000c0000000, 0x00000000c4300000, 0x00000000eab00000)
  object space 68608K, 70% used [0x00000000c0000000,0x00000000c2ef5920,0x00000000c4300000)
 Metaspace       used 64667K, committed 65728K, reserved 1114112K
  class space    used 7475K, committed 7936K, reserved 1048576K
}
Event: 12.435 GC heap after
{Heap after GC invocations=34 (full 3):
 PSYoungGen      total 26112K, used 736K [0x00000000eab00000, 0x00000000ec700000, 0x0000000100000000)
  eden space 20480K, 0% used [0x00000000eab00000,0x00000000eab00000,0x00000000ebf00000)
  from space 5632K, 13% used [0x00000000ebf00000,0x00000000ebfb8000,0x00000000ec480000)
  to   space 2560K, 0% used [0x00000000ec480000,0x00000000ec480000,0x00000000ec700000)
 ParOldGen       total 68608K, used 50013K [0x00000000c0000000, 0x00000000c4300000, 0x00000000eab00000)
  object space 68608K, 72% used [0x00000000c0000000,0x00000000c30d7698,0x00000000c4300000)
 Metaspace       used 64667K, committed 65728K, reserved 1114112K
  class space    used 7475K, committed 7936K, reserved 1048576K
}
Event: 15.024 GC heap before
{Heap before GC invocations=35 (full 3):
 PSYoungGen      total 26112K, used 21216K [0x00000000eab00000, 0x00000000ec700000, 0x0000000100000000)
  eden space 20480K, 100% used [0x00000000eab00000,0x00000000ebf00000,0x00000000ebf00000)
  from space 5632K, 13% used [0x00000000ebf00000,0x00000000ebfb8000,0x00000000ec480000)
  to   space 2560K, 0% used [0x00000000ec480000,0x00000000ec480000,0x00000000ec700000)
 ParOldGen       total 68608K, used 50013K [0x00000000c0000000, 0x00000000c4300000, 0x00000000eab00000)
  object space 68608K, 72% used [0x00000000c0000000,0x00000000c30d7698,0x00000000c4300000)
 Metaspace       used 66557K, committed 67584K, reserved 1114112K
  class space    used 7713K, committed 8192K, reserved 1048576K
}
Event: 15.027 GC heap after
{Heap after GC invocations=35 (full 3):
 PSYoungGen      total 22528K, used 1681K [0x00000000eab00000, 0x00000000ec680000, 0x0000000100000000)
  eden space 20480K, 0% used [0x00000000eab00000,0x00000000eab00000,0x00000000ebf00000)
  from space 2048K, 82% used [0x00000000ec480000,0x00000000ec6245e8,0x00000000ec680000)
  to   space 2048K, 0% used [0x00000000ec280000,0x00000000ec280000,0x00000000ec480000)
 ParOldGen       total 68608K, used 50557K [0x00000000c0000000, 0x00000000c4300000, 0x00000000eab00000)
  object space 68608K, 73% used [0x00000000c0000000,0x00000000c315f6a8,0x00000000c4300000)
 Metaspace       used 66557K, committed 67584K, reserved 1114112K
  class space    used 7713K, committed 8192K, reserved 1048576K
}

Dll operation events (15 events):
Event: 0.018 Loaded shared library c:\Users\Aron\.vscode\extensions\redhat.java-1.30.0-win32-x64\jre\17.0.10-win32-x86_64\bin\java.dll
Event: 0.176 Loaded shared library c:\Users\Aron\.vscode\extensions\redhat.java-1.30.0-win32-x64\jre\17.0.10-win32-x86_64\bin\zip.dll
Event: 0.184 Loaded shared library C:\Users\Aron\.vscode\extensions\redhat.java-1.30.0-win32-x64\jre\17.0.10-win32-x86_64\bin\instrument.dll
Event: 0.197 Loaded shared library C:\Users\Aron\.vscode\extensions\redhat.java-1.30.0-win32-x64\jre\17.0.10-win32-x86_64\bin\net.dll
Event: 0.200 Loaded shared library C:\Users\Aron\.vscode\extensions\redhat.java-1.30.0-win32-x64\jre\17.0.10-win32-x86_64\bin\nio.dll
Event: 0.206 Loaded shared library C:\Users\Aron\.vscode\extensions\redhat.java-1.30.0-win32-x64\jre\17.0.10-win32-x86_64\bin\zip.dll
Event: 0.222 Loaded shared library C:\Users\Aron\.vscode\extensions\redhat.java-1.30.0-win32-x64\jre\17.0.10-win32-x86_64\bin\jimage.dll
Event: 0.293 Loaded shared library c:\Users\Aron\.vscode\extensions\redhat.java-1.30.0-win32-x64\jre\17.0.10-win32-x86_64\bin\verify.dll
Event: 1.685 Loaded shared library C:\Users\Aron\AppData\Roaming\Code\User\globalStorage\redhat.java\1.30.0\config_win\org.eclipse.equinox.launcher\org.eclipse.equinox.launcher.win32.win32.x86_64_1.2.900.v20240213-1244\eclipse_11900.dll
Event: 4.954 Loaded shared library C:\Users\Aron\AppData\Local\Temp\jna-2049520\jna7204262409768369743.dll
Event: 7.528 Loaded shared library C:\Users\Aron\.vscode\extensions\redhat.java-1.30.0-win32-x64\jre\17.0.10-win32-x86_64\bin\sunmscapi.dll
Event: 7.844 Loaded shared library C:\Users\Aron\.vscode\extensions\redhat.java-1.30.0-win32-x64\jre\17.0.10-win32-x86_64\bin\extnet.dll
Event: 10.882 Loaded shared library C:\Users\Aron\.gradle\native\e1d6ef7f7dcc3fd88c89a11ec53ec762bb8ba0a96d01ffa2cd45eb1d1d8dd5c5\windows-amd64\native-platform.dll
Event: 12.157 Loaded shared library C:\Users\Aron\.vscode\extensions\redhat.java-1.30.0-win32-x64\jre\17.0.10-win32-x86_64\bin\management.dll
Event: 12.164 Loaded shared library C:\Users\Aron\.vscode\extensions\redhat.java-1.30.0-win32-x64\jre\17.0.10-win32-x86_64\bin\management_ext.dll

Deoptimization events (20 events):
Event: 24.662 Thread 0x000002c43687e9f0 DEOPT PACKING pc=0x000002c421f79708 sp=0x000000c69a6fee50
Event: 24.662 Thread 0x000002c43687e9f0 DEOPT UNPACKING pc=0x000002c4215966a3 sp=0x000000c69a6fed88 mode 2
Event: 24.662 Thread 0x000002c43687e9f0 Uncommon trap: trap_request=0xffffffc6 fr.pc=0x000002c42205074c relative=0x000000000000050c
Event: 24.662 Thread 0x000002c43687e9f0 Uncommon trap: reason=bimorphic_or_optimized_type_check action=maybe_recompile pc=0x000002c42205074c method=java.util.regex.Pattern$Slice.match(Ljava/util/regex/Matcher;ILjava/lang/CharSequence;)Z @ 49 c2
Event: 24.662 Thread 0x000002c43687e9f0 DEOPT PACKING pc=0x000002c42205074c sp=0x000000c69a6fed50
Event: 24.662 Thread 0x000002c43687e9f0 DEOPT UNPACKING pc=0x000002c4215966a3 sp=0x000000c69a6fecd8 mode 2
Event: 24.685 Thread 0x000002c43687f920 Uncommon trap: trap_request=0xffffff45 fr.pc=0x000002c42200cbf4 relative=0x0000000000001fd4
Event: 24.685 Thread 0x000002c43687f920 Uncommon trap: reason=unstable_if action=reinterpret pc=0x000002c42200cbf4 method=sun.nio.fs.WindowsPathParser.nextNonSlash(Ljava/lang/String;II)I @ 2 c2
Event: 24.685 Thread 0x000002c43687f920 DEOPT PACKING pc=0x000002c42200cbf4 sp=0x000000c6970fd2b0
Event: 24.685 Thread 0x000002c43687f920 DEOPT UNPACKING pc=0x000002c4215966a3 sp=0x000000c6970fd250 mode 2
Event: 24.700 Thread 0x000002c43687f920 Uncommon trap: trap_request=0xffffff45 fr.pc=0x000002c421fcccd4 relative=0x0000000000000294
Event: 24.700 Thread 0x000002c43687f920 Uncommon trap: reason=unstable_if action=reinterpret pc=0x000002c421fcccd4 method=sun.nio.fs.NativeBuffers.getNativeBufferFromCache(I)Lsun/nio/fs/NativeBuffer; @ 34 c2
Event: 24.700 Thread 0x000002c43687f920 DEOPT PACKING pc=0x000002c421fcccd4 sp=0x000000c6970fdf20
Event: 24.700 Thread 0x000002c43687f920 DEOPT UNPACKING pc=0x000002c4215966a3 sp=0x000000c6970fdeb8 mode 2
Event: 24.713 Thread 0x000002c43687f920 Uncommon trap: trap_request=0xffffff45 fr.pc=0x000002c42205d48c relative=0x00000000000001ec
Event: 24.713 Thread 0x000002c43687f920 Uncommon trap: reason=unstable_if action=reinterpret pc=0x000002c42205d48c method=jdk.internal.misc.Unsafe.copyMemory(Ljava/lang/Object;JLjava/lang/Object;JJ)V @ 16 c2
Event: 24.713 Thread 0x000002c43687f920 DEOPT PACKING pc=0x000002c42205d48c sp=0x000000c6970fe510
Event: 24.713 Thread 0x000002c43687f920 DEOPT UNPACKING pc=0x000002c4215966a3 sp=0x000000c6970fe4d8 mode 2
Event: 26.392 Thread 0x000002c43687f920 DEOPT PACKING pc=0x000002c41a97145e sp=0x000000c6970fd870
Event: 26.392 Thread 0x000002c43687f920 DEOPT UNPACKING pc=0x000002c421596e43 sp=0x000000c6970fcce8 mode 0

Classes unloaded (7 events):
Event: 4.848 Thread 0x000002c41750ecf0 Unloading class 0x000000010024a400 'java/lang/invoke/LambdaForm$MH+0x000000010024a400'
Event: 4.848 Thread 0x000002c41750ecf0 Unloading class 0x000000010024a000 'java/lang/invoke/LambdaForm$MH+0x000000010024a000'
Event: 4.848 Thread 0x000002c41750ecf0 Unloading class 0x0000000100249c00 'java/lang/invoke/LambdaForm$MH+0x0000000100249c00'
Event: 4.848 Thread 0x000002c41750ecf0 Unloading class 0x0000000100249800 'java/lang/invoke/LambdaForm$MH+0x0000000100249800'
Event: 4.848 Thread 0x000002c41750ecf0 Unloading class 0x0000000100249400 'java/lang/invoke/LambdaForm$BMH+0x0000000100249400'
Event: 4.848 Thread 0x000002c41750ecf0 Unloading class 0x0000000100249000 'java/lang/invoke/LambdaForm$DMH+0x0000000100249000'
Event: 4.848 Thread 0x000002c41750ecf0 Unloading class 0x0000000100244400 'java/lang/invoke/LambdaForm$DMH+0x0000000100244400'

Classes redefined (0 events):
No events

Internal exceptions (20 events):
Event: 10.186 Thread 0x000002c433348810 Exception <a 'sun/nio/fs/WindowsException'{0x00000000eb033538}> (0x00000000eb033538) 
thrown [s\src\hotspot\share\prims\jni.cpp, line 516]
Event: 10.186 Thread 0x000002c433348810 Exception <a 'sun/nio/fs/WindowsException'{0x00000000eb033bd0}> (0x00000000eb033bd0) 
thrown [s\src\hotspot\share\prims\jni.cpp, line 516]
Event: 10.186 Thread 0x000002c433348810 Exception <a 'sun/nio/fs/WindowsException'{0x00000000eb034288}> (0x00000000eb034288) 
thrown [s\src\hotspot\share\prims\jni.cpp, line 516]
Event: 10.860 Thread 0x000002c435740f50 Exception <a 'java/lang/NoSuchMethodError'{0x00000000eb0e0450}: 'java.lang.Object java.lang.invoke.DirectMethodHandle$Holder.invokeVirtual(java.lang.Object, java.lang.Object, java.lang.Object, java.lang.Object, java.lang.Object, java.lang.Object, java.lang.Object)'> (0x00000000eb0e0450) 
thrown [s\src\hotspot\share\interpreter\linkResolver.cpp, line 759]
Event: 10.862 Thread 0x000002c435740f50 Exception <a 'java/lang/NoSuchMethodError'{0x00000000eb0fa148}: 'java.lang.Object java.lang.invoke.Invokers$Holder.invoker(java.lang.Object, java.lang.Object, java.lang.Object)'> (0x00000000eb0fa148) 
thrown [s\src\hotspot\share\interpreter\linkResolver.cpp, line 759]
Event: 12.090 Thread 0x000002c435740f50 Exception <a 'java/lang/NoSuchMethodError'{0x00000000eae08008}: 'java.lang.Object java.lang.invoke.DirectMethodHandle$Holder.invokeInterface(java.lang.Object, java.lang.Object, java.lang.Object)'> (0x00000000eae08008) 
thrown [s\src\hotspot\share\interpreter\linkResolver.cpp, line 759]
Event: 12.207 Thread 0x000002c435740f50 Exception <a 'java/lang/NoClassDefFoundError'{0x00000000eb36d488}: org/slf4j/impl/StaticMarkerBinder> (0x00000000eb36d488) 
thrown [s\src\hotspot\share\classfile\systemDictionary.cpp, line 245]
Event: 12.547 Thread 0x000002c435741460 Exception <a 'java/lang/NoSuchMethodError'{0x00000000eb01b068}: 'void java.lang.invoke.DirectMethodHandle$Holder.invokeStatic(java.lang.Object, long)'> (0x00000000eb01b068) 
thrown [s\src\hotspot\share\interpreter\linkResolver.cpp, line 759]
Event: 12.547 Thread 0x000002c435741460 Exception <a 'java/lang/NoSuchMethodError'{0x00000000eb020410}: 'java.lang.Object java.lang.invoke.DirectMethodHandle$Holder.newInvokeSpecial(java.lang.Object, long)'> (0x00000000eb020410) 
thrown [s\src\hotspot\share\interpreter\linkResolver.cpp, line 759]
Event: 12.793 Thread 0x000002c433348810 Exception <a 'java/lang/NoSuchMethodError'{0x00000000eb169968}: 'java.lang.Object java.lang.invoke.DirectMethodHandle$Holder.newInvokeSpecial(java.lang.Object, java.lang.Object, java.lang.Object, int)'> (0x00000000eb169968) 
thrown [s\src\hotspot\share\interpreter\linkResolver.cpp, line 759]
Event: 12.793 Thread 0x000002c433348810 Exception <a 'java/lang/NoSuchMethodError'{0x00000000eb16d7c8}: 'java.lang.Object java.lang.invoke.DirectMethodHandle$Holder.invokeSpecial(java.lang.Object, java.lang.Object, java.lang.Object, java.lang.Object, int)'> (0x00000000eb16d7c8) 
thrown [s\src\hotspot\share\interpreter\linkResolver.cpp, line 759]
Event: 12.794 Thread 0x000002c433348810 Exception <a 'java/lang/NoSuchMethodError'{0x00000000eb170c28}: 'java.lang.Object java.lang.invoke.Invokers$Holder.linkToTargetMethod(java.lang.Object, java.lang.Object, int, java.lang.Object)'> (0x00000000eb170c28) 
thrown [s\src\hotspot\share\interpreter\linkResolver.cpp, line 759]
Event: 25.306 Thread 0x000002c43687f920 Exception <a 'java/lang/NoSuchMethodError'{0x00000000eaf6dbb8}: static Lorg/gradle/internal/build/event/types/AbstractProgressEvent;.<clinit>()V> (0x00000000eaf6dbb8) 
thrown [s\src\hotspot\share\prims\jni.cpp, line 1107]
Event: 25.308 Thread 0x000002c43687f920 Exception <a 'java/lang/NoSuchMethodError'{0x00000000eaf81c60}: static Lorg/gradle/internal/build/event/types/DefaultOperationStartedProgressEvent;.<clinit>()V> (0x00000000eaf81c60) 
thrown [s\src\hotspot\share\prims\jni.cpp, line 1107]
Event: 25.309 Thread 0x000002c43687f920 Exception <a 'java/lang/NoSuchMethodError'{0x00000000eaf98078}: static Lorg/gradle/internal/build/event/types/DefaultOperationDescriptor;.<clinit>()V> (0x00000000eaf98078) 
thrown [s\src\hotspot\share\prims\jni.cpp, line 1107]
Event: 25.310 Thread 0x000002c43687f920 Exception <a 'java/lang/NoSuchMethodError'{0x00000000eafa63b8}: static Lorg/gradle/internal/operations/OperationIdentifier;.<clinit>()V> (0x00000000eafa63b8) 
thrown [s\src\hotspot\share\prims\jni.cpp, line 1107]
Event: 26.389 Thread 0x000002c43687f920 Exception <a 'java/lang/NoSuchMethodError'{0x00000000eb045088}: static Lorg/gradle/internal/build/event/types/DefaultOperationFinishedProgressEvent;.<clinit>()V> (0x00000000eb045088) 
thrown [s\src\hotspot\share\prims\jni.cpp, line 1107]
Event: 26.391 Thread 0x000002c43687f920 Exception <a 'java/lang/NoSuchMethodError'{0x00000000eb0610d8}: static Lorg/gradle/internal/build/event/types/AbstractResult;.<clinit>()V> (0x00000000eb0610d8) 
thrown [s\src\hotspot\share\prims\jni.cpp, line 1107]
Event: 26.392 Thread 0x000002c43687f920 Exception <a 'java/lang/NoSuchMethodError'{0x00000000eb06e8f8}: static Lorg/gradle/internal/build/event/types/AbstractOperationResult;.<clinit>()V> (0x00000000eb06e8f8) 
thrown [s\src\hotspot\share\prims\jni.cpp, line 1107]
Event: 26.393 Thread 0x000002c43687f920 Exception <a 'java/lang/NoSuchMethodError'{0x00000000eb07c568}: static Lorg/gradle/internal/build/event/types/DefaultSuccessResult;.<clinit>()V> (0x00000000eb07c568) 
thrown [s\src\hotspot\share\prims\jni.cpp, line 1107]

VM Operations (20 events):
Event: 17.034 Executing VM operation: Cleanup
Event: 17.034 Executing VM operation: Cleanup done
Event: 19.035 Executing VM operation: Cleanup
Event: 19.035 Executing VM operation: Cleanup done
Event: 20.035 Executing VM operation: Cleanup
Event: 20.035 Executing VM operation: Cleanup done
Event: 21.045 Executing VM operation: Cleanup
Event: 21.045 Executing VM operation: Cleanup done
Event: 23.045 Executing VM operation: Cleanup
Event: 23.045 Executing VM operation: Cleanup done
Event: 24.053 Executing VM operation: Cleanup
Event: 24.053 Executing VM operation: Cleanup done
Event: 25.053 Executing VM operation: Cleanup
Event: 25.053 Executing VM operation: Cleanup done
Event: 26.054 Executing VM operation: Cleanup
Event: 26.054 Executing VM operation: Cleanup done
Event: 27.055 Executing VM operation: Cleanup
Event: 27.055 Executing VM operation: Cleanup done
Event: 29.055 Executing VM operation: Cleanup
Event: 29.056 Executing VM operation: Cleanup done

Events (20 events):
Event: 24.702 loading class java/nio/channels/SelectionKey done
Event: 24.702 loading class java/nio/channels/spi/AbstractSelectionKey done
Event: 24.702 loading class sun/nio/ch/SelectionKeyImpl done
Event: 24.702 loading class java/lang/invoke/ConstantBootstraps
Event: 24.702 loading class java/lang/invoke/ConstantBootstraps done
Event: 24.713 loading class java/nio/channels/spi/AbstractSelector$1
Event: 24.713 loading class java/nio/channels/spi/AbstractSelector$1 done
Event: 24.792 Thread 0x000002c43687a310 Thread added: 0x000002c43687a310
Event: 24.793 Thread 0x000002c43687a310 Thread exited: 0x000002c43687a310
Event: 24.794 Thread 0x000002c436880850 Thread added: 0x000002c436880850
Event: 25.306 loading class java/io/ObjectStreamClass$1
Event: 25.306 loading class java/io/ObjectStreamClass$1 done
Event: 25.306 loading class java/io/ObjectStreamClass$MemberSignature
Event: 25.306 loading class java/io/ObjectStreamClass$MemberSignature done
Event: 25.306 loading class java/io/ObjectStreamClass$3
Event: 25.306 loading class java/io/ObjectStreamClass$3 done
Event: 25.307 loading class java/io/ObjectStreamClass$4
Event: 25.307 loading class java/io/ObjectStreamClass$4 done
Event: 25.307 loading class java/io/ObjectStreamClass$5
Event: 25.307 loading class java/io/ObjectStreamClass$5 done


Dynamic libraries:
0x00007ff66e8b0000 - 0x00007ff66e8be000 	c:\Users\Aron\.vscode\extensions\redhat.java-1.30.0-win32-x64\jre\17.0.10-win32-x86_64\bin\java.exe
0x00007ff9f5330000 - 0x00007ff9f5546000 	C:\WINDOWS\SYSTEM32\ntdll.dll
0x00007ff9f3f90000 - 0x00007ff9f4054000 	C:\WINDOWS\System32\KERNEL32.DLL
0x00007ff9f2650000 - 0x00007ff9f29f7000 	C:\WINDOWS\System32\KERNELBASE.dll
0x00007ff9f2aa0000 - 0x00007ff9f2bb1000 	C:\WINDOWS\System32\ucrtbase.dll
0x00007ff9d7590000 - 0x00007ff9d75a7000 	c:\Users\Aron\.vscode\extensions\redhat.java-1.30.0-win32-x64\jre\17.0.10-win32-x86_64\bin\jli.dll
0x00007ff9d7540000 - 0x00007ff9d755b000 	c:\Users\Aron\.vscode\extensions\redhat.java-1.30.0-win32-x64\jre\17.0.10-win32-x86_64\bin\VCRUNTIME140.dll
0x00007ff9f48c0000 - 0x00007ff9f4a6e000 	C:\WINDOWS\System32\USER32.dll
0x00007ff9f2fc0000 - 0x00007ff9f2fe6000 	C:\WINDOWS\System32\win32u.dll
0x00007ff9f3110000 - 0x00007ff9f3139000 	C:\WINDOWS\System32\GDI32.dll
0x00007ff9e1300000 - 0x00007ff9e1593000 	C:\WINDOWS\WinSxS\amd64_microsoft.windows.common-controls_6595b64144ccf1df_6.0.22621.3235_none_270f74e173860f98\COMCTL32.dll
0x00007ff9f2d30000 - 0x00007ff9f2e49000 	C:\WINDOWS\System32\gdi32full.dll
0x00007ff9f4a70000 - 0x00007ff9f4b17000 	C:\WINDOWS\System32\msvcrt.dll
0x00007ff9f2a00000 - 0x00007ff9f2a9a000 	C:\WINDOWS\System32\msvcp_win.dll
0x00007ff9f4f20000 - 0x00007ff9f4f51000 	C:\WINDOWS\System32\IMM32.DLL
0x00000000687c0000 - 0x00000000687cd000 	C:\Program Files (x86)\360\360Safe\safemon\SafeWrapper.dll
0x00007ff9dcc30000 - 0x00007ff9dcc3c000 	c:\Users\Aron\.vscode\extensions\redhat.java-1.30.0-win32-x64\jre\17.0.10-win32-x86_64\bin\vcruntime140_1.dll
0x00007ff9a6120000 - 0x00007ff9a61ad000 	c:\Users\Aron\.vscode\extensions\redhat.java-1.30.0-win32-x64\jre\17.0.10-win32-x86_64\bin\msvcp140.dll
0x00007ff986d60000 - 0x00007ff9879c2000 	c:\Users\Aron\.vscode\extensions\redhat.java-1.30.0-win32-x64\jre\17.0.10-win32-x86_64\bin\server\jvm.dll
0x00007ff9f44f0000 - 0x00007ff9f45a2000 	C:\WINDOWS\System32\ADVAPI32.dll
0x00007ff9f4810000 - 0x00007ff9f48b8000 	C:\WINDOWS\System32\sechost.dll
0x00007ff9f2c80000 - 0x00007ff9f2ca8000 	C:\WINDOWS\System32\bcrypt.dll
0x00007ff9f4b50000 - 0x00007ff9f4c65000 	C:\WINDOWS\System32\RPCRT4.dll
0x00007ff9f2420000 - 0x00007ff9f246d000 	C:\WINDOWS\SYSTEM32\POWRPROF.dll
0x00007ff9ed3f0000 - 0x00007ff9ed3f9000 	C:\WINDOWS\SYSTEM32\WSOCK32.dll
0x00007ff9effe0000 - 0x00007ff9f0014000 	C:\WINDOWS\SYSTEM32\WINMM.dll
0x00007ff9f3140000 - 0x00007ff9f31b1000 	C:\WINDOWS\System32\WS2_32.dll
0x00007ff9f21a0000 - 0x00007ff9f21aa000 	C:\WINDOWS\SYSTEM32\VERSION.dll
0x00007ff9f2300000 - 0x00007ff9f2313000 	C:\WINDOWS\SYSTEM32\UMPDC.dll
0x00007ff9f15e0000 - 0x00007ff9f15f8000 	C:\WINDOWS\SYSTEM32\kernel.appcore.dll
0x00007ff9db490000 - 0x00007ff9db49a000 	c:\Users\Aron\.vscode\extensions\redhat.java-1.30.0-win32-x64\jre\17.0.10-win32-x86_64\bin\jimage.dll
0x00007ff9efda0000 - 0x00007ff9effd3000 	C:\WINDOWS\SYSTEM32\DBGHELP.DLL
0x00007ff9f4f60000 - 0x00007ff9f52e8000 	C:\WINDOWS\System32\combase.dll
0x00007ff9f33b0000 - 0x00007ff9f3487000 	C:\WINDOWS\System32\OLEAUT32.dll
0x00007ff9efd30000 - 0x00007ff9efd62000 	C:\WINDOWS\SYSTEM32\dbgcore.DLL
0x00007ff9f2cb0000 - 0x00007ff9f2d29000 	C:\WINDOWS\System32\bcryptPrimitives.dll
0x00007ff9db260000 - 0x00007ff9db26e000 	c:\Users\Aron\.vscode\extensions\redhat.java-1.30.0-win32-x64\jre\17.0.10-win32-x86_64\bin\instrument.dll
0x00007ff9cd410000 - 0x00007ff9cd435000 	c:\Users\Aron\.vscode\extensions\redhat.java-1.30.0-win32-x64\jre\17.0.10-win32-x86_64\bin\java.dll
0x00007ff9d3560000 - 0x00007ff9d3578000 	c:\Users\Aron\.vscode\extensions\redhat.java-1.30.0-win32-x64\jre\17.0.10-win32-x86_64\bin\zip.dll
0x00007ff9f3570000 - 0x00007ff9f3dcc000 	C:\WINDOWS\System32\SHELL32.dll
0x00007ff9f04f0000 - 0x00007ff9f0de9000 	C:\WINDOWS\SYSTEM32\windows.storage.dll
0x00007ff9f03b0000 - 0x00007ff9f04ee000 	C:\WINDOWS\SYSTEM32\wintypes.dll
0x00007ff9f32b0000 - 0x00007ff9f33a3000 	C:\WINDOWS\System32\SHCORE.dll
0x00007ff9f3510000 - 0x00007ff9f356e000 	C:\WINDOWS\System32\shlwapi.dll
0x00007ff9f2580000 - 0x00007ff9f25a1000 	C:\WINDOWS\SYSTEM32\profapi.dll
0x00007ff9cd340000 - 0x00007ff9cd359000 	C:\Users\Aron\.vscode\extensions\redhat.java-1.30.0-win32-x64\jre\17.0.10-win32-x86_64\bin\net.dll
0x00007ff9ea770000 - 0x00007ff9ea8a6000 	C:\WINDOWS\SYSTEM32\WINHTTP.dll
0x00007ff9f1a50000 - 0x00007ff9f1ab9000 	C:\WINDOWS\system32\mswsock.dll
0x00007ff9cd320000 - 0x00007ff9cd336000 	C:\Users\Aron\.vscode\extensions\redhat.java-1.30.0-win32-x64\jre\17.0.10-win32-x86_64\bin\nio.dll
0x00007ff9d7620000 - 0x00007ff9d7630000 	c:\Users\Aron\.vscode\extensions\redhat.java-1.30.0-win32-x64\jre\17.0.10-win32-x86_64\bin\verify.dll
0x00007ff9c7ca0000 - 0x00007ff9c7cde000 	C:\Users\Aron\AppData\Roaming\Code\User\globalStorage\redhat.java\1.30.0\config_win\org.eclipse.equinox.launcher\org.eclipse.equinox.launcher.win32.win32.x86_64_1.2.900.v20240213-1244\eclipse_11900.dll
0x00007ff9f4d70000 - 0x00007ff9f4f15000 	C:\WINDOWS\System32\ole32.dll
0x00007ff9f1c70000 - 0x00007ff9f1c8b000 	C:\WINDOWS\SYSTEM32\CRYPTSP.dll
0x00007ff9f1540000 - 0x00007ff9f1575000 	C:\WINDOWS\system32\rsaenh.dll
0x00007ff9f1b10000 - 0x00007ff9f1b38000 	C:\WINDOWS\SYSTEM32\USERENV.dll
0x00007ff9f1c90000 - 0x00007ff9f1c9c000 	C:\WINDOWS\SYSTEM32\CRYPTBASE.dll
0x00007ff9f1180000 - 0x00007ff9f11ad000 	C:\WINDOWS\SYSTEM32\IPHLPAPI.DLL
0x00007ff9f4060000 - 0x00007ff9f4069000 	C:\WINDOWS\System32\NSI.dll
0x00007ff9ea950000 - 0x00007ff9ea969000 	C:\WINDOWS\SYSTEM32\dhcpcsvc6.DLL
0x00007ff9ea930000 - 0x00007ff9ea94f000 	C:\WINDOWS\SYSTEM32\dhcpcsvc.DLL
0x00007ff9f11b0000 - 0x00007ff9f12a9000 	C:\WINDOWS\SYSTEM32\DNSAPI.dll
0x00007ff9a5dc0000 - 0x00007ff9a5e05000 	C:\Users\Aron\AppData\Local\Temp\jna-2049520\jna7204262409768369743.dll
0x00007ff9f4b20000 - 0x00007ff9f4b28000 	C:\WINDOWS\System32\PSAPI.DLL
0x00007ff9d6520000 - 0x00007ff9d652e000 	C:\Users\Aron\.vscode\extensions\redhat.java-1.30.0-win32-x64\jre\17.0.10-win32-x86_64\bin\sunmscapi.dll
0x00007ff9f2e50000 - 0x00007ff9f2fb7000 	C:\WINDOWS\System32\CRYPT32.dll
0x00007ff9f1e90000 - 0x00007ff9f1ebe000 	C:\WINDOWS\SYSTEM32\ncrypt.dll
0x00007ff9f1e50000 - 0x00007ff9f1e87000 	C:\WINDOWS\SYSTEM32\NTASN1.dll
0x00007ff9d65d0000 - 0x00007ff9d65d9000 	C:\Users\Aron\.vscode\extensions\redhat.java-1.30.0-win32-x64\jre\17.0.10-win32-x86_64\bin\extnet.dll
0x00007ff9c6f30000 - 0x00007ff9c6f57000 	C:\Users\Aron\.gradle\native\e1d6ef7f7dcc3fd88c89a11ec53ec762bb8ba0a96d01ffa2cd45eb1d1d8dd5c5\windows-amd64\native-platform.dll
0x00007ff9d74a0000 - 0x00007ff9d74a9000 	C:\Users\Aron\.vscode\extensions\redhat.java-1.30.0-win32-x64\jre\17.0.10-win32-x86_64\bin\management.dll
0x00007ff9d7290000 - 0x00007ff9d729b000 	C:\Users\Aron\.vscode\extensions\redhat.java-1.30.0-win32-x64\jre\17.0.10-win32-x86_64\bin\management_ext.dll
0x00007ff9dc900000 - 0x00007ff9dc908000 	C:\WINDOWS\system32\wshunix.dll

dbghelp: loaded successfully - version: 4.0.5 - missing functions: none
symbol engine: initialized successfully - sym options: 0x614 - pdb path: .;c:\Users\Aron\.vscode\extensions\redhat.java-1.30.0-win32-x64\jre\17.0.10-win32-x86_64\bin;C:\WINDOWS\SYSTEM32;C:\WINDOWS\WinSxS\amd64_microsoft.windows.common-controls_6595b64144ccf1df_6.0.22621.3235_none_270f74e173860f98;C:\Program Files (x86)\360\360Safe\safemon;c:\Users\Aron\.vscode\extensions\redhat.java-1.30.0-win32-x64\jre\17.0.10-win32-x86_64\bin\server;C:\Users\Aron\AppData\Roaming\Code\User\globalStorage\redhat.java\1.30.0\config_win\org.eclipse.equinox.launcher\org.eclipse.equinox.launcher.win32.win32.x86_64_1.2.900.v20240213-1244;C:\Users\Aron\AppData\Local\Temp\jna-2049520;C:\Users\Aron\.gradle\native\e1d6ef7f7dcc3fd88c89a11ec53ec762bb8ba0a96d01ffa2cd45eb1d1d8dd5c5\windows-amd64

VM Arguments:
jvm_args: --add-modules=ALL-SYSTEM --add-opens=java.base/java.util=ALL-UNNAMED --add-opens=java.base/java.lang=ALL-UNNAMED --add-opens=java.base/sun.nio.fs=ALL-UNNAMED -Declipse.application=org.eclipse.jdt.ls.core.id1 -Dosgi.bundles.defaultStartLevel=4 -Declipse.product=org.eclipse.jdt.ls.core.product -Djava.import.generatesMetadataFilesAtProjectRoot=false -DDetectVMInstallationsJob.disabled=true -Dfile.encoding=utf8 -XX:+UseParallelGC -XX:GCTimeRatio=4 -XX:AdaptiveSizePolicyWeight=90 -Dsun.zip.disableMemoryMapping=true -Xmx1G -Xms100m -Xlog:disable -javaagent:c:\Users\Aron\.vscode\extensions\redhat.java-1.30.0-win32-x64\lombok\lombok-1.18.32.jar -XX:+HeapDumpOnOutOfMemoryError -XX:HeapDumpPath=c:\Users\Aron\AppData\Roaming\Code\User\workspaceStorage\dc6618b406426b0bd938ac24d6181f6a\redhat.java -Daether.dependencyCollector.impl=bf 
java_command: c:\Users\Aron\.vscode\extensions\redhat.java-1.30.0-win32-x64\server\plugins\org.eclipse.equinox.launcher_1.6.800.v20240330-1250.jar -configuration c:\Users\Aron\AppData\Roaming\Code\User\globalStorage\redhat.java\1.30.0\config_win -data c:\Users\Aron\AppData\Roaming\Code\User\workspaceStorage\dc6618b406426b0bd938ac24d6181f6a\redhat.java\jdt_ws --pipe=\\.\pipe\lsp-b8e80b115e68b11596ed8f55ce726d94-sock
java_class_path (initial): c:\Users\Aron\.vscode\extensions\redhat.java-1.30.0-win32-x64\server\plugins\org.eclipse.equinox.launcher_1.6.800.v20240330-1250.jar
Launcher Type: SUN_STANDARD

[Global flags]
    uintx AdaptiveSizePolicyWeight                 = 90                                        {product} {command line}
     intx CICompilerCount                          = 12                                        {product} {ergonomic}
    uintx GCTimeRatio                              = 4                                         {product} {command line}
     bool HeapDumpOnOutOfMemoryError               = true                                   {manageable} {command line}
    ccstr HeapDumpPath                             = c:\Users\Aron\AppData\Roaming\Code\User\workspaceStorage\dc6618b406426b0bd938ac24d6181f6a\redhat.java         {manageable} {command line}
   size_t InitialHeapSize                          = 104857600                                 {product} {command line}
   size_t MaxHeapSize                              = 1073741824                                {product} {command line}
   size_t MaxNewSize                               = 357564416                                 {product} {ergonomic}
   size_t MinHeapDeltaBytes                        = 524288                                    {product} {ergonomic}
   size_t MinHeapSize                              = 104857600                                 {product} {command line}
   size_t NewSize                                  = 34603008                                  {product} {ergonomic}
    uintx NonNMethodCodeHeapSize                   = 7602480                                {pd product} {ergonomic}
    uintx NonProfiledCodeHeapSize                  = 122027880                              {pd product} {ergonomic}
   size_t OldSize                                  = 70254592                                  {product} {ergonomic}
    uintx ProfiledCodeHeapSize                     = 122027880                              {pd product} {ergonomic}
    uintx ReservedCodeCacheSize                    = 251658240                              {pd product} {ergonomic}
     bool SegmentedCodeCache                       = true                                      {product} {ergonomic}
   size_t SoftMaxHeapSize                          = 1073741824                             {manageable} {ergonomic}
     bool UseCompressedClassPointers               = true                           {product lp64_product} {ergonomic}
     bool UseCompressedOops                        = true                           {product lp64_product} {ergonomic}
     bool UseLargePagesIndividualAllocation        = false                                  {pd product} {ergonomic}
     bool UseParallelGC                            = true                                      {product} {command line}

Logging:
Log output configuration:
 #0: stdout all=off uptime,level,tags
 #1: stderr all=off uptime,level,tags

Environment Variables:
JAVA_HOME=D:\javaweb\jdk11.0.13
CLASSPATH=D:\Lingo\Lingo18.jar
PATH=C:\Users\Aron\AppData\Local\Programs\Python\Python38\;C:\Users\Aron\AppData\Local\Programs\Python\Python38\Scripts\;D:\Anaconda3;D:\Anaconda3\Library\mingw-w64\bin;D:\Anaconda3\Library\usr\bin;D:\Anaconda3\Library\bin;D:\Anaconda3\Scripts;C:\ProgramData\Oracle\Java\javapath;C:\Program Files (x86)\Razer Chroma SDK\bin;C:\Program Files\Razer Chroma SDK\bin;C:\Program Files (x86)\Razer\ChromaBroadcast\bin;C:\Program Files\Razer\ChromaBroadcast\bin;D:\VMware\bin\;D:\javaweb\jdk11.0.13\bin;C:\Program Files\Microsoft MPI\Bin\;C:\Program Files\Common Files\Oracle\Java\javapath;C:\Windows\system32;C:\Windows;C:\Windows\System32\Wbem;C:\Windows\System32\WindowsPowerShell\v1.0\;C:\Windows\System32\OpenSSH\;C:\Program Files (x86)\NVIDIA Corporation\PhysX\Common;C:\Program Files\NVIDIA Corporation\NVIDIA NvDLISR;C:\WINDOWS\system32;C:\WINDOWS;C:\WINDOWS\System32\Wbem;C:\WINDOWS\System32\WindowsPowerShell\v1.0\;C:\WINDOWS\System32\OpenSSH\;D:\javaweb\apache-maven-3.6.3\bin;D:\javaweb\apache-tomcat-8.5.72\bin;C:\Program Files\dotnet\;D:\xshellxftp\xftp\;D:\xshellxftp\xshell\;D:\Lingo\;D:\Mysql5.7\mysql-5.7.19\bin;D:\javaweb\apache-tomcat-8.5.79\bin;C:\Program Files\Pandoc\;D:\Git\Git\cmd;C:\Users\Aron\AppData\Local\Microsoft\WindowsApps;D:\Microsoft VS Code\bin;C:\Program Files\Bandizip\;D:\idea2020\IntelliJ IDEA 2020.1\bin;D:\Pycharm\PyCharm 2020.1\bin;D:\WebStrom\WebStorm 2020.1\bin;D:\PhpStorm\PhpStorm 2020.1\bin;D:\Fillder\Fiddler;C:\Users\Aron\AppData\Roaming\npm;D:\javaweb\mogodb\bin;D:\wechatTools\web\dll;D:\golangweb\go1.19.2\bin;D:\RationalRose\Common;D:\javaweb\neo4j-community-4.4.6\bin;C:\Program Files (x86)\dotnet\;D:\TortoiseGit\bin;D:\Node\NVM\nvm;D:\Node\nodejs;D:\cmder;C:\WINDOWS\system32;C:\WINDOWS;C:\WINDOWS\System32\Wbem;C:\WINDOWS\System32\WindowsPowerShell\v1.0\;C:\WINDOWS\System32\OpenSSH\;D:\Android\AndroidSDK\platform-tools;D:\Android\AndroidSDK\emulator;D:\Android\AndroidSDK\tools;D:\Android\AndroidSDK\tools\bin;D:\flipper\openssl\OpenSSL-
USERNAME=Aron
LANG=zh_CN.UTF8
OS=Windows_NT
PROCESSOR_IDENTIFIER=AMD64 Family 23 Model 96 Stepping 1, AuthenticAMD
TMP=C:\Users\Aron\AppData\Local\Temp
TEMP=C:\Users\Aron\AppData\Local\Temp



Periodic native trim disabled


---------------  S Y S T E M  ---------------

OS:
 Windows 11 , 64 bit Build 22621 (10.0.22621.3374)
OS uptime: 9 days 1:28 hours
Hyper-V role detected

CPU: total 16 (initial active 16) (16 cores per cpu, 2 threads per core) family 23 model 96 stepping 1 microcode 0x0, cx8, cmov, fxsr, ht, mmx, 3dnowpref, sse, sse2, sse3, ssse3, sse4a, sse4.1, sse4.2, popcnt, lzcnt, tsc, tscinvbit, avx, avx2, aes, clmul, bmi1, bmi2, adx, sha, fma, vzeroupper, clflush, clflushopt, hv
Processor Information for all 16 processors :
  Max Mhz: 2900, Current Mhz: 2900, Mhz Limit: 2900

Memory: 4k page, system-wide physical 15789M (302M free)
TotalPageFile size 34572M (AvailPageFile size 106M)
current process WorkingSet (physical memory assigned to process): 245M, peak: 263M
current process commit charge ("private bytes"): 320M, peak: 341M

vm_info: OpenJDK 64-Bit Server VM (17.0.10+7) for windows-amd64 JRE (17.0.10+7), built on Jan 16 2024 23:25:11 by "admin" with MS VC++ 16.10 / 16.11 (VS2019)

END.
